<?xml version="1.0" encoding="UTF-8"?>
<!-- Generated by org.testng.reporters.JUnitXMLReporter -->
<testsuite ignored="0" hostname="192.168.1.12" failures="0" tests="4" name="192.168.1.14:5555" time="0.186" errors="0" timestamp="2024-07-17T08:40:04 ICT">
  <testcase classname="learning.testNG.parallel.parallelDataProvider.testCases.HomePageTest" name="testHomePage" time="0.059"/>
  <testcase classname="learning.testNG.parallel.parallelDataProvider.testCases.HomePageTest" name="testHomePageBroken" time="0.003"/>
  <testcase classname="learning.testNG.parallel.parallelDataProvider.testCases.SignUpTest" name="testSignUpInvalid" time="0.003"/>
  <testcase classname="learning.testNG.parallel.parallelDataProvider.testCases.SignUpTest" name="testSignUpValid" time="0.003"/>
</testsuite> <!-- 192.168.1.14:5555 -->
