<?xml version="1.0" encoding="UTF-8"?>
<!-- Generated by org.testng.reporters.JUnitXMLReporter -->
<testsuite ignored="0" hostname="192.168.1.12" failures="0" tests="2" name="Pixel_5_API_33" time="0.171" errors="0" timestamp="2024-07-17T08:40:04 ICT">
  <testcase classname="learning.testNG.parallel.parallelDataProvider.testCases.SwipePageTest" name="testHorizontalSwipe" time="0.058"/>
  <testcase classname="learning.testNG.parallel.parallelDataProvider.testCases.SwipePageTest" name="testVerticalSwipe" time="0.003"/>
</testsuite> <!-- Pixel_5_API_33 -->
