<?xml version="1.0" encoding="UTF-8"?>
<!-- Generated by org.testng.reporters.JUnitXMLReporter -->
<testsuite ignored="0" hostname="192.168.1.12" failures="0" tests="2" name="Pixel_4_API_33" time="0.166" errors="0" timestamp="2024-07-17T08:40:04 ICT">
  <testcase classname="learning.testNG.parallel.parallelDataProvider.testCases.SignInTest" name="testSignInValid" time="0.059"/>
  <testcase classname="learning.testNG.parallel.parallelDataProvider.testCases.SignInTest" name="testSignInvalid" time="0.002"/>
</testsuite> <!-- Pixel_4_API_33 -->
